Z:\Project\MinecraftShop\MinecraftShop\wwwroot\app\app.component.js
Z:\Project\MinecraftShop\MinecraftShop\wwwroot\app\app.component.js.map
Z:\Project\MinecraftShop\MinecraftShop\wwwroot\app\admin.component.js
Z:\Project\MinecraftShop\MinecraftShop\wwwroot\app\admin.component.js.map
Z:\Project\MinecraftShop\MinecraftShop\wwwroot\app\user.models.js
Z:\Project\MinecraftShop\MinecraftShop\wwwroot\app\user.models.js.map
Z:\Project\MinecraftShop\MinecraftShop\wwwroot\app\user.services.js
Z:\Project\MinecraftShop\MinecraftShop\wwwroot\app\user.services.js.map
Z:\Project\MinecraftShop\MinecraftShop\wwwroot\app\login.component.js
Z:\Project\MinecraftShop\MinecraftShop\wwwroot\app\login.component.js.map
Z:\Project\MinecraftShop\MinecraftShop\wwwroot\app\main.component.js
Z:\Project\MinecraftShop\MinecraftShop\wwwroot\app\main.component.js.map
Z:\Project\MinecraftShop\MinecraftShop\wwwroot\app\register.component.js
Z:\Project\MinecraftShop\MinecraftShop\wwwroot\app\register.component.js.map
Z:\Project\MinecraftShop\MinecraftShop\wwwroot\app\panel.component.js
Z:\Project\MinecraftShop\MinecraftShop\wwwroot\app\panel.component.js.map
Z:\Project\MinecraftShop\MinecraftShop\wwwroot\app\app.routing.js
Z:\Project\MinecraftShop\MinecraftShop\wwwroot\app\app.routing.js.map
Z:\Project\MinecraftShop\MinecraftShop\wwwroot\app\rxjs-operators.js
Z:\Project\MinecraftShop\MinecraftShop\wwwroot\app\rxjs-operators.js.map
Z:\Project\MinecraftShop\MinecraftShop\wwwroot\app\values.services.js
Z:\Project\MinecraftShop\MinecraftShop\wwwroot\app\values.services.js.map
Z:\Project\MinecraftShop\MinecraftShop\wwwroot\app\app.module.js
Z:\Project\MinecraftShop\MinecraftShop\wwwroot\app\app.module.js.map
Z:\Project\MinecraftShop\MinecraftShop\wwwroot\app\main.js
Z:\Project\MinecraftShop\MinecraftShop\wwwroot\app\main.js.map
